2024-07-09 21:27:31,883 - ppo.py:171 - Params: {'model': 3, 'ease': 0, 'instr_type': 0, 'iter': -1, 'log': 30, 'order': 0, 'comments': 'iter[-1 -> means ignore] log[30 -> logging.WARN]'}
/usr/local/lib/python3.10/dist-packages/pygame/pkgdata.py:25: DeprecationWarning: pkg_resources is deprecated as an API. See https://setuptools.pypa.io/en/latest/pkg_resources.html
  from pkg_resources import resource_stream, resource_exists
/usr/local/lib/python3.10/dist-packages/pkg_resources/__init__.py:2832: DeprecationWarning: Deprecated call to `pkg_resources.declare_namespace('mpl_toolkits')`.
Implementing implicit namespace packages (as specified in PEP 420) is preferred to `pkg_resources.declare_namespace`. See https://setuptools.pypa.io/en/latest/references/keywords.html#keyword-namespace-packages
  declare_namespace(pkg)
/usr/local/lib/python3.10/dist-packages/gym/core.py:317: DeprecationWarning: [33mWARN: Initializing wrapper in old step API which returns one bool instead of two. It is recommended to set `new_step_api=True` to use new step API. This will be the default behaviour in future.[0m
  deprecation(
/usr/local/lib/python3.10/dist-packages/gym/wrappers/step_api_compatibility.py:39: DeprecationWarning: [33mWARN: Initializing environment in old step API which returns one bool instead of two. It is recommended to set `new_step_api=True` to use new step API. This will be the default behaviour in future.[0m
  deprecation(
/usr/local/lib/python3.10/dist-packages/gym/utils/passive_env_checker.py:227: DeprecationWarning: [33mWARN: Core environment is written in old step API which returns one bool instead of two. It is recommended to rewrite the environment with new step API. [0m
  logger.deprecation(
/usr/local/lib/python3.10/dist-packages/gym/utils/passive_env_checker.py:233: DeprecationWarning: `np.bool8` is a deprecated alias for `np.bool_`.  (Deprecated NumPy 1.24)
  if not isinstance(done, (bool, np.bool8)):
2024-07-09 21:27:37,819 - ppo.py:299 - Discovery {1: 1}, {-1.0: 1}
2024-07-09 21:32:37,830 - ppo.py:223 - % Exec Left 99.96426666666666; Time Consumed 300.17288994789124 sec
2024-07-09 21:37:38,381 - ppo.py:223 - % Exec Left 99.91925333333333; Time Consumed 600.724570274353 sec
2024-07-09 21:42:38,540 - ppo.py:223 - % Exec Left 99.87093333333334; Time Consumed 900.883260011673 sec
2024-07-09 21:47:34,475 - ppo.py:299 - Discovery {1: 293, 3: 1552, 0: 2633, 4: 163, 5: 208, 2: 152}, {-1.0: 1808, 0.1: 3192, 1.0: 1}
2024-07-09 21:47:39,552 - ppo.py:223 - % Exec Left 99.82140444444444; Time Consumed 1201.8951878547668 sec
2024-07-09 21:52:39,739 - ppo.py:223 - % Exec Left 99.77319111111112; Time Consumed 1502.0819885730743 sec
2024-07-09 21:57:40,952 - ppo.py:223 - % Exec Left 99.72586666666666; Time Consumed 1803.294960975647 sec
2024-07-09 22:02:41,146 - ppo.py:223 - % Exec Left 99.67822222222222; Time Consumed 2103.4897050857544 sec
2024-07-09 22:06:47,702 - ppo.py:299 - Discovery {1: 313, 3: 3371, 0: 5771, 4: 171, 5: 218, 2: 157}, {-1.0: 3136, 0.1: 6828, 1.0: 37}
2024-07-09 22:07:41,869 - ppo.py:223 - % Exec Left 99.63772444444444; Time Consumed 2404.2120764255524 sec
2024-07-09 22:12:42,467 - ppo.py:223 - % Exec Left 99.60156444444445; Time Consumed 2704.809993505478 sec
2024-07-09 22:17:42,490 - ppo.py:223 - % Exec Left 99.5536; Time Consumed 3004.833325624466 sec
2024-07-09 22:22:42,537 - ppo.py:223 - % Exec Left 99.50606222222223; Time Consumed 3304.8804244995117 sec
2024-07-09 22:26:50,788 - ppo.py:299 - Discovery {1: 319, 3: 5299, 0: 8830, 4: 174, 5: 221, 2: 158}, {-1.0: 4283, 0.1: 10681, 1.0: 37}
2024-07-09 22:27:43,304 - ppo.py:223 - % Exec Left 99.45799111111111; Time Consumed 3605.647087097168 sec
2024-07-09 22:32:43,451 - ppo.py:223 - % Exec Left 99.40992; Time Consumed 3905.7943239212036 sec
2024-07-09 22:37:44,496 - ppo.py:223 - % Exec Left 99.36248888888889; Time Consumed 4206.839640855789 sec
2024-07-09 22:42:45,059 - ppo.py:223 - % Exec Left 99.31655111111111; Time Consumed 4507.402277946472 sec
2024-07-09 22:45:35,219 - ppo.py:299 - Discovery {1: 332, 3: 7211, 0: 11889, 4: 176, 5: 231, 2: 162}, {-1.0: 5457, 0.1: 14469, 1.0: 75}
2024-07-09 22:47:45,119 - ppo.py:223 - % Exec Left 99.26912; Time Consumed 4807.461988925934 sec
2024-07-09 22:52:45,193 - ppo.py:223 - % Exec Left 99.22136888888889; Time Consumed 5107.535794258118 sec
2024-07-09 22:57:46,068 - ppo.py:223 - % Exec Left 99.17265777777777; Time Consumed 5408.411600351334 sec
2024-07-09 23:02:47,154 - ppo.py:223 - % Exec Left 99.1251911111111; Time Consumed 5709.497167110443 sec
2024-07-09 23:04:10,652 - ppo.py:299 - Discovery {1: 336, 3: 9228, 0: 14856, 4: 177, 5: 235, 2: 169}, {-1.0: 6600, 0.1: 18326, 1.0: 75}
2024-07-09 23:07:47,250 - ppo.py:223 - % Exec Left 99.07744; Time Consumed 6009.592933416367 sec
2024-07-09 23:12:47,373 - ppo.py:223 - % Exec Left 99.03104; Time Consumed 6309.716294527054 sec
2024-07-09 23:17:47,468 - ppo.py:223 - % Exec Left 98.98396444444444; Time Consumed 6609.811017274857 sec
2024-07-09 23:22:47,590 - ppo.py:223 - % Exec Left 98.93738666666667; Time Consumed 6909.9331929683685 sec
2024-07-09 23:23:12,930 - ppo.py:299 - Discovery {1: 345, 3: 11082, 0: 17959, 4: 184, 5: 257, 2: 174}, {-1.0: 7893, 0.1: 21995, 1.0: 113}
2024-07-09 23:27:47,724 - ppo.py:223 - % Exec Left 98.88992; Time Consumed 7210.0674793720245 sec
2024-07-09 23:32:48,038 - ppo.py:223 - % Exec Left 98.84106666666666; Time Consumed 7510.381325483322 sec
2024-07-09 23:37:48,333 - ppo.py:223 - % Exec Left 98.78819555555556; Time Consumed 7810.676274299622 sec
2024-07-09 23:41:00,512 - ppo.py:299 - Discovery {1: 540, 3: 13157, 0: 20648, 4: 198, 5: 280, 2: 178}, {-1.0: 8948, 0.1: 25920, 1.0: 133}
2024-07-09 23:42:48,675 - ppo.py:223 - % Exec Left 98.7392; Time Consumed 8111.018423318863 sec
2024-07-09 23:47:49,083 - ppo.py:223 - % Exec Left 98.69212444444445; Time Consumed 8411.426373243332 sec
2024-07-09 23:52:49,896 - ppo.py:223 - % Exec Left 98.64430222222222; Time Consumed 8712.239233970642 sec
2024-07-09 23:57:50,428 - ppo.py:223 - % Exec Left 98.59669333333333; Time Consumed 9012.771509170532 sec
2024-07-09 23:59:47,073 - ppo.py:299 - Discovery {1: 1151, 3: 15140, 0: 22994, 4: 225, 5: 296, 2: 195}, {-1.0: 10142, 0.1: 29706, 1.0: 153}
2024-07-10 00:02:50,526 - ppo.py:223 - % Exec Left 98.54776888888888; Time Consumed 9312.869716644287 sec
2024-07-10 00:07:50,777 - ppo.py:223 - % Exec Left 98.50051555555555; Time Consumed 9613.120638370514 sec
2024-07-10 00:12:51,016 - ppo.py:223 - % Exec Left 98.45322666666667; Time Consumed 9913.359035491943 sec
2024-07-10 00:17:52,802 - ppo.py:223 - % Exec Left 98.40398222222223; Time Consumed 10215.14522266388 sec
2024-07-10 00:18:16,146 - ppo.py:299 - Discovery {1: 2221, 3: 17197, 0: 24720, 4: 334, 5: 313, 2: 216}, {-1.0: 11021, 0.1: 33825, 1.0: 155}
2024-07-10 00:22:54,282 - ppo.py:223 - % Exec Left 98.35598222222222; Time Consumed 10516.625257492065 sec
2024-07-10 00:27:55,090 - ppo.py:223 - % Exec Left 98.30876444444445; Time Consumed 10817.432904481888 sec
2024-07-10 00:32:55,867 - ppo.py:223 - % Exec Left 98.26069333333334; Time Consumed 11118.210671663284 sec
2024-07-10 00:37:02,339 - ppo.py:299 - Discovery {1: 3751, 3: 18425, 0: 25992, 4: 1287, 5: 318, 2: 228}, {-1.0: 11759, 0.1: 37912, 1.0: 330}
2024-07-10 00:39:27,926 - ppo.py:223 - % Exec Left 98.22211555555556; Time Consumed 11510.269351243973 sec
2024-07-10 00:44:29,695 - ppo.py:223 - % Exec Left 98.17319111111111; Time Consumed 11812.038047790527 sec
2024-07-10 00:49:30,409 - ppo.py:223 - % Exec Left 98.12736; Time Consumed 12112.75243973732 sec
2024-07-10 00:54:31,585 - ppo.py:223 - % Exec Left 98.07960888888888; Time Consumed 12413.928310155869 sec
2024-07-10 00:58:18,059 - ppo.py:299 - Discovery {1: 5539, 3: 19363, 0: 26919, 4: 2622, 5: 323, 2: 235}, {-1.0: 12267, 0.1: 42324, 1.0: 410}
2024-07-10 00:59:33,901 - ppo.py:223 - % Exec Left 98.03239111111111; Time Consumed 12716.244756221771 sec
2024-07-10 01:04:34,692 - ppo.py:223 - % Exec Left 97.98513777777778; Time Consumed 13017.035602807999 sec
2024-07-10 01:09:36,905 - ppo.py:223 - % Exec Left 97.93767111111111; Time Consumed 13319.248662948608 sec
2024-07-10 01:14:37,999 - ppo.py:223 - % Exec Left 97.88995555555556; Time Consumed 13620.342550992966 sec
2024-07-10 01:17:06,485 - ppo.py:299 - Discovery {1: 7484, 3: 20085, 0: 27664, 4: 4203, 5: 327, 2: 238}, {-1.0: 12685, 0.1: 46856, 1.0: 460}
2024-07-10 01:19:39,399 - ppo.py:223 - % Exec Left 97.84298666666666; Time Consumed 13921.742324113846 sec
2024-07-10 01:24:41,662 - ppo.py:223 - % Exec Left 97.79566222222222; Time Consumed 14224.005004167557 sec
2024-07-10 01:29:41,737 - ppo.py:223 - % Exec Left 97.74926222222223; Time Consumed 14524.080392599106 sec
2024-07-10 01:34:42,919 - ppo.py:223 - % Exec Left 97.70456888888889; Time Consumed 14825.26224565506 sec
2024-07-10 01:36:31,664 - ppo.py:299 - Discovery {1: 9320, 3: 20955, 0: 28536, 4: 5621, 5: 330, 2: 239}, {-1.0: 13122, 0.1: 51291, 1.0: 588}
2024-07-10 01:39:43,677 - ppo.py:223 - % Exec Left 97.66133333333333; Time Consumed 15126.020582675934 sec
2024-07-10 01:44:46,171 - ppo.py:223 - % Exec Left 97.61692444444445; Time Consumed 15428.514634370804 sec
2024-07-10 01:49:48,003 - ppo.py:223 - % Exec Left 97.57148444444445; Time Consumed 15730.346195936203 sec
2024-07-10 01:54:48,508 - ppo.py:223 - % Exec Left 97.52771555555556; Time Consumed 16030.851506471634 sec
2024-07-10 01:56:44,722 - ppo.py:299 - Discovery {1: 11167, 3: 21856, 0: 29439, 4: 6968, 5: 331, 2: 240}, {-1.0: 13626, 0.1: 55650, 1.0: 725}
2024-07-10 01:59:49,445 - ppo.py:223 - % Exec Left 97.48490666666666; Time Consumed 16331.788742303848 sec
2024-07-10 02:04:50,396 - ppo.py:223 - % Exec Left 97.44291555555556; Time Consumed 16632.738907814026 sec
2024-07-10 02:09:51,360 - ppo.py:223 - % Exec Left 97.40174222222223; Time Consumed 16933.703372716904 sec
2024-07-10 02:14:52,964 - ppo.py:223 - % Exec Left 97.36113777777777; Time Consumed 17235.30757689476 sec
2024-07-10 02:18:22,343 - ppo.py:299 - Discovery {1: 12939, 3: 22783, 0: 30368, 4: 8338, 5: 331, 2: 242}, {-1.0: 14029, 0.1: 60167, 1.0: 805}
2024-07-10 02:19:53,904 - ppo.py:223 - % Exec Left 97.32092444444444; Time Consumed 17536.247385263443 sec
2024-07-10 02:24:55,666 - ppo.py:223 - % Exec Left 97.27975111111111; Time Consumed 17838.00912952423 sec
2024-07-10 02:29:58,493 - ppo.py:223 - % Exec Left 97.23836444444444; Time Consumed 18140.836198806763 sec
2024-07-10 02:34:58,761 - ppo.py:223 - % Exec Left 97.19729777777778; Time Consumed 18441.104398965836 sec
2024-07-10 02:39:58,912 - ppo.py:223 - % Exec Left 97.15651555555556; Time Consumed 18741.255115032196 sec
2024-07-10 02:40:05,752 - ppo.py:299 - Discovery {1: 14830, 3: 23578, 0: 31166, 4: 9852, 5: 331, 2: 244}, {-1.0: 14411, 0.1: 64728, 1.0: 862}
2024-07-10 02:45:00,913 - ppo.py:223 - % Exec Left 97.11544888888889; Time Consumed 19043.256115674973 sec
2024-07-10 02:50:02,911 - ppo.py:223 - % Exec Left 97.07516444444444; Time Consumed 19345.253856420517 sec
2024-07-10 02:55:04,029 - ppo.py:223 - % Exec Left 97.03580444444444; Time Consumed 19646.3726041317 sec
2024-07-10 03:00:06,628 - ppo.py:223 - % Exec Left 96.99541333333333; Time Consumed 19948.971657037735 sec
2024-07-10 03:02:19,410 - ppo.py:299 - Discovery {1: 16796, 3: 24295, 0: 31885, 4: 11448, 5: 333, 2: 244}, {-1.0: 14780, 0.1: 69331, 1.0: 890}
2024-07-10 03:05:07,380 - ppo.py:223 - % Exec Left 96.95765333333334; Time Consumed 20249.72373008728 sec
2024-07-10 03:10:07,910 - ppo.py:223 - % Exec Left 96.91779555555556; Time Consumed 20550.25293159485 sec
2024-07-10 03:15:10,836 - ppo.py:223 - % Exec Left 96.87804444444444; Time Consumed 20853.179743766785 sec
2024-07-10 03:20:12,623 - ppo.py:223 - % Exec Left 96.83943111111111; Time Consumed 21154.966782569885 sec
2024-07-10 03:25:15,273 - ppo.py:223 - % Exec Left 96.80024888888889; Time Consumed 21457.616682052612 sec
2024-07-10 03:25:15,932 - ppo.py:299 - Discovery {1: 18541, 3: 25309, 0: 32906, 4: 12664, 5: 336, 2: 245}, {-1.0: 15326, 0.1: 73558, 1.0: 1117}
2024-07-10 03:30:15,342 - ppo.py:223 - % Exec Left 96.76152888888889; Time Consumed 21757.685080051422 sec
2024-07-10 03:35:16,065 - ppo.py:223 - % Exec Left 96.72280888888889; Time Consumed 22058.408138990402 sec
2024-07-10 03:40:16,719 - ppo.py:223 - % Exec Left 96.68526222222222; Time Consumed 22359.062013864517 sec
2024-07-10 03:45:17,769 - ppo.py:223 - % Exec Left 96.64675555555556; Time Consumed 22660.11199951172 sec
2024-07-10 03:48:31,471 - ppo.py:299 - Discovery {1: 20546, 3: 26026, 0: 33626, 4: 14219, 5: 338, 2: 246}, {-1.0: 15782, 0.1: 78026, 1.0: 1193}
2024-07-10 03:50:17,853 - ppo.py:223 - % Exec Left 96.60917333333333; Time Consumed 22960.19624066353 sec
2024-07-10 03:55:19,041 - ppo.py:223 - % Exec Left 96.57127111111112; Time Consumed 23261.38452553749 sec
2024-07-10 04:00:23,391 - ppo.py:223 - % Exec Left 96.53223111111112; Time Consumed 23565.73455786705 sec
2024-07-10 04:05:25,332 - ppo.py:223 - % Exec Left 96.49404444444444; Time Consumed 23867.675250053406 sec
2024-07-10 04:10:27,779 - ppo.py:223 - % Exec Left 96.45571555555556; Time Consumed 24170.122025966644 sec
2024-07-10 04:11:56,949 - ppo.py:299 - Discovery {1: 22426, 3: 26821, 0: 34434, 4: 15726, 5: 340, 2: 254}, {-1.0: 16168, 0.1: 82580, 1.0: 1253}
2024-07-10 04:17:03,880 - ppo.py:223 - % Exec Left 96.44437333333333; Time Consumed 24566.22379899025 sec
2024-07-10 04:22:08,015 - ppo.py:223 - % Exec Left 96.40608; Time Consumed 24870.358293056488 sec
2024-07-10 04:27:09,190 - ppo.py:223 - % Exec Left 96.36832; Time Consumed 25171.53316640854 sec
2024-07-10 04:32:14,038 - ppo.py:223 - % Exec Left 96.33041777777778; Time Consumed 25476.38148546219 sec
2024-07-10 04:37:14,149 - ppo.py:223 - % Exec Left 96.29269333333333; Time Consumed 25776.4921336174 sec
2024-07-10 04:40:43,238 - ppo.py:299 - Discovery {1: 24388, 3: 27539, 0: 35152, 4: 17325, 5: 342, 2: 255}, {-1.0: 16536, 0.1: 87173, 1.0: 1292}
2024-07-10 04:42:17,413 - ppo.py:223 - % Exec Left 96.25518222222222; Time Consumed 26079.756440877914 sec
2024-07-10 04:47:17,782 - ppo.py:223 - % Exec Left 96.21841777777777; Time Consumed 26380.125602006912 sec
2024-07-10 04:52:18,657 - ppo.py:223 - % Exec Left 96.18307555555556; Time Consumed 26680.999883651733 sec
2024-07-10 04:57:20,315 - ppo.py:223 - % Exec Left 96.14673777777777; Time Consumed 26982.658411026 sec
2024-07-10 05:02:21,252 - ppo.py:223 - % Exec Left 96.11072; Time Consumed 27283.594835996628 sec
2024-07-10 05:05:22,199 - ppo.py:299 - Discovery {1: 26139, 3: 28526, 0: 36142, 4: 18591, 5: 343, 2: 260}, {-1.0: 17053, 0.1: 91447, 1.0: 1501}
2024-07-10 05:07:22,972 - ppo.py:223 - % Exec Left 96.07452444444445; Time Consumed 27585.31575202942 sec
2024-07-10 05:12:23,597 - ppo.py:223 - % Exec Left 96.03822222222222; Time Consumed 27885.939915180206 sec
2024-07-10 05:17:27,221 - ppo.py:223 - % Exec Left 96.00206222222222; Time Consumed 28189.564358234406 sec
2024-07-10 05:22:27,778 - ppo.py:223 - % Exec Left 95.96611555555556; Time Consumed 28490.121456861496 sec
2024-07-10 05:27:28,505 - ppo.py:223 - % Exec Left 95.93041777777778; Time Consumed 28790.848655223846 sec
2024-07-10 05:30:06,126 - ppo.py:299 - Discovery {1: 27976, 3: 29391, 0: 37016, 4: 20011, 5: 344, 2: 263}, {-1.0: 17499, 0.1: 95904, 1.0: 1598}
2024-07-10 05:32:28,963 - ppo.py:223 - % Exec Left 95.89454222222223; Time Consumed 29091.305909633636 sec
2024-07-10 05:37:28,995 - ppo.py:223 - % Exec Left 95.85909333333333; Time Consumed 29391.338571548462 sec
2024-07-10 05:42:30,282 - ppo.py:223 - % Exec Left 95.8234311111111; Time Consumed 29692.625406742096 sec
2024-07-10 05:47:34,743 - ppo.py:223 - % Exec Left 95.78780444444445; Time Consumed 29997.086273908615 sec
2024-07-10 05:52:36,032 - ppo.py:223 - % Exec Left 95.75242666666666; Time Consumed 30298.37499856949 sec
2024-07-10 05:55:19,373 - ppo.py:299 - Discovery {1: 29931, 3: 30125, 0: 37752, 4: 21580, 5: 346, 2: 267}, {-1.0: 17906, 0.1: 100439, 1.0: 1656}
2024-07-10 05:57:38,927 - ppo.py:223 - % Exec Left 95.71708444444444; Time Consumed 30601.270513772964 sec
2024-07-10 06:02:40,223 - ppo.py:223 - % Exec Left 95.6818488888889; Time Consumed 30902.56623339653 sec
2024-07-10 06:07:41,251 - ppo.py:223 - % Exec Left 95.64672; Time Consumed 31203.59427380562 sec
2024-07-10 06:12:43,556 - ppo.py:223 - % Exec Left 95.61244444444445; Time Consumed 31505.899411201477 sec
2024-07-10 06:17:49,648 - ppo.py:223 - % Exec Left 95.57731555555556; Time Consumed 31811.991559267044 sec
2024-07-10 06:20:52,152 - ppo.py:299 - Discovery {1: 31837, 3: 30864, 0: 38492, 4: 23181, 5: 352, 2: 275}, {-1.0: 18282, 0.1: 105023, 1.0: 1696}
2024-07-10 06:22:53,346 - ppo.py:223 - % Exec Left 95.54108444444445; Time Consumed 32115.68939089775 sec
2024-07-10 06:27:56,371 - ppo.py:223 - % Exec Left 95.50577777777778; Time Consumed 32418.714011907578 sec
2024-07-10 06:33:00,291 - ppo.py:223 - % Exec Left 95.47000888888888; Time Consumed 32722.63424873352 sec
2024-07-10 06:38:01,900 - ppo.py:223 - % Exec Left 95.43687111111112; Time Consumed 33024.24283909798 sec
2024-07-10 06:43:02,210 - ppo.py:223 - % Exec Left 95.40327111111111; Time Consumed 33324.55317401886 sec
2024-07-10 06:46:50,223 - ppo.py:299 - Discovery {1: 33101, 3: 31771, 0: 39400, 4: 24453, 5: 619, 2: 657}, {-1.0: 18596, 0.1: 109434, 1.0: 1971}
2024-07-10 06:48:02,800 - ppo.py:223 - % Exec Left 95.36988444444444; Time Consumed 33625.14369058609 sec
2024-07-10 06:53:05,546 - ppo.py:223 - % Exec Left 95.33632; Time Consumed 33927.88900279999 sec
2024-07-10 06:58:08,684 - ppo.py:223 - % Exec Left 95.30257777777777; Time Consumed 34231.027754068375 sec
2024-07-10 07:03:10,025 - ppo.py:223 - % Exec Left 95.26897777777778; Time Consumed 34532.36798834801 sec
2024-07-10 07:08:12,908 - ppo.py:223 - % Exec Left 95.23491555555556; Time Consumed 34835.251344680786 sec
2024-07-10 07:13:15,494 - ppo.py:223 - % Exec Left 95.20096; Time Consumed 35137.83730626106 sec
2024-07-10 07:13:20,601 - ppo.py:299 - Discovery {1: 34075, 3: 32441, 0: 40068, 4: 25414, 5: 1473, 2: 1530}, {-1.0: 18632, 0.1: 113994, 1.0: 2375}
2024-07-10 07:18:18,498 - ppo.py:223 - % Exec Left 95.16437333333333; Time Consumed 35440.84107017517 sec
2024-07-10 07:23:21,167 - ppo.py:223 - % Exec Left 95.13095111111112; Time Consumed 35743.51028943062 sec
2024-07-10 07:28:25,127 - ppo.py:223 - % Exec Left 95.09717333333333; Time Consumed 36047.470219135284 sec
2024-07-10 07:33:26,045 - ppo.py:223 - % Exec Left 95.06332444444445; Time Consumed 36348.38855051994 sec
2024-07-10 07:38:30,105 - ppo.py:223 - % Exec Left 95.02958222222222; Time Consumed 36652.448350429535 sec
2024-07-10 07:39:31,498 - ppo.py:299 - Discovery {1: 35011, 3: 32971, 0: 40601, 4: 26348, 5: 2503, 2: 2567}, {-1.0: 18648, 0.1: 118647, 1.0: 2706}
2024-07-10 07:43:31,005 - ppo.py:223 - % Exec Left 94.99601777777778; Time Consumed 36953.34861278534 sec
2024-07-10 07:48:35,034 - ppo.py:223 - % Exec Left 94.96202666666667; Time Consumed 37257.37700867653 sec
2024-07-10 07:53:36,431 - ppo.py:223 - % Exec Left 94.92835555555556; Time Consumed 37558.77385544777 sec
2024-07-10 07:58:42,054 - ppo.py:223 - % Exec Left 94.89425777777778; Time Consumed 37864.39747810364 sec
2024-07-10 08:03:47,544 - ppo.py:223 - % Exec Left 94.8602311111111; Time Consumed 38169.88708972931 sec
2024-07-10 08:06:06,081 - ppo.py:299 - Discovery {1: 36065, 3: 33536, 0: 41172, 4: 27396, 5: 3378, 2: 3454}, {-1.0: 18674, 0.1: 123328, 1.0: 2999}
2024-07-10 08:08:52,024 - ppo.py:223 - % Exec Left 94.82584888888888; Time Consumed 38474.36684036255 sec
2024-07-10 08:13:56,832 - ppo.py:223 - % Exec Left 94.79160888888889; Time Consumed 38779.175045490265 sec
2024-07-10 08:19:00,791 - ppo.py:223 - % Exec Left 94.75772444444445; Time Consumed 39083.13396573067 sec
2024-07-10 08:24:05,743 - ppo.py:223 - % Exec Left 94.72380444444444; Time Consumed 39388.08675169945 sec
2024-07-10 08:29:10,741 - ppo.py:223 - % Exec Left 94.68988444444444; Time Consumed 39693.08429265022 sec
2024-07-10 08:32:41,798 - ppo.py:299 - Discovery {1: 37018, 3: 34126, 0: 41762, 4: 28351, 5: 4332, 2: 4412}, {-1.0: 18679, 0.1: 128048, 1.0: 3274}
2024-07-10 08:38:11,677 - ppo.py:223 - % Exec Left 94.66659555555556; Time Consumed 40234.02061128616 sec
2024-07-10 08:43:12,264 - ppo.py:223 - % Exec Left 94.63296; Time Consumed 40534.60756444931 sec
2024-07-10 08:48:14,280 - ppo.py:223 - % Exec Left 94.59975111111112; Time Consumed 40836.62316560745 sec
2024-07-10 08:53:20,936 - ppo.py:223 - % Exec Left 94.56604444444444; Time Consumed 41143.27974176407 sec
2024-07-10 08:58:27,473 - ppo.py:223 - % Exec Left 94.53219555555556; Time Consumed 41449.81603503227 sec
2024-07-10 09:03:27,530 - ppo.py:223 - % Exec Left 94.49877333333333; Time Consumed 41749.8732984066 sec
2024-07-10 09:04:56,041 - ppo.py:299 - Discovery {1: 38079, 3: 34412, 0: 42049, 4: 29408, 5: 5486, 2: 5567}, {-1.0: 18686, 0.1: 132792, 1.0: 3523}
2024-07-10 09:08:33,026 - ppo.py:223 - % Exec Left 94.46428444444444; Time Consumed 42055.36904835701 sec
2024-07-10 09:13:36,384 - ppo.py:223 - % Exec Left 94.4306488888889; Time Consumed 42358.727300167084 sec
2024-07-10 09:18:37,863 - ppo.py:223 - % Exec Left 94.39722666666667; Time Consumed 42660.20598578453 sec
2024-07-10 09:23:41,154 - ppo.py:223 - % Exec Left 94.36352; Time Consumed 42963.49713778496 sec
2024-07-10 09:28:42,391 - ppo.py:223 - % Exec Left 94.33112888888888; Time Consumed 43264.73392701149 sec
2024-07-10 09:31:40,948 - ppo.py:299 - Discovery {1: 39033, 3: 35111, 0: 42750, 4: 30351, 5: 6338, 2: 6418}, {-1.0: 18703, 0.1: 137360, 1.0: 3938}
2024-07-10 09:33:43,614 - ppo.py:223 - % Exec Left 94.29767111111111; Time Consumed 43565.95755434036 sec
2024-07-10 09:38:45,610 - ppo.py:223 - % Exec Left 94.26385777777777; Time Consumed 43867.95320558548 sec
2024-07-10 09:43:47,341 - ppo.py:223 - % Exec Left 94.22972444444444; Time Consumed 44169.683841466904 sec
2024-07-10 09:48:48,005 - ppo.py:223 - % Exec Left 94.19580444444445; Time Consumed 44470.34828400612 sec
2024-07-10 09:53:51,520 - ppo.py:223 - % Exec Left 94.16142222222223; Time Consumed 44773.8629963398 sec
2024-07-10 09:58:00,532 - ppo.py:299 - Discovery {1: 39940, 3: 35812, 0: 43451, 4: 31254, 5: 7231, 2: 7313}, {-1.0: 18711, 0.1: 141879, 1.0: 4411}
2024-07-10 09:58:53,620 - ppo.py:223 - % Exec Left 94.12743111111111; Time Consumed 45075.963416814804 sec
2024-07-10 10:03:55,803 - ppo.py:223 - % Exec Left 94.09358222222222; Time Consumed 45378.14638590813 sec
2024-07-10 10:08:56,509 - ppo.py:223 - % Exec Left 94.06051555555555; Time Consumed 45678.85220360756 sec
2024-07-10 10:13:58,896 - ppo.py:223 - % Exec Left 94.02666666666667; Time Consumed 45981.23955273628 sec
2024-07-10 10:19:01,834 - ppo.py:223 - % Exec Left 93.99331555555555; Time Consumed 46284.1770131588 sec
2024-07-10 10:24:02,523 - ppo.py:223 - % Exec Left 93.96003555555555; Time Consumed 46584.86627650261 sec
2024-07-10 10:24:40,446 - ppo.py:299 - Discovery {1: 40822, 3: 36489, 0: 44126, 4: 32136, 5: 8171, 2: 8257}, {-1.0: 18713, 0.1: 146517, 1.0: 4771}
2024-07-10 10:29:07,398 - ppo.py:223 - % Exec Left 93.92632888888889; Time Consumed 46889.74100661278 sec
2024-07-10 10:34:08,239 - ppo.py:223 - % Exec Left 93.89276444444444; Time Consumed 47190.582335710526 sec
2024-07-10 10:39:10,457 - ppo.py:223 - % Exec Left 93.85923555555556; Time Consumed 47492.8007683754 sec
2024-07-10 10:44:13,459 - ppo.py:223 - % Exec Left 93.82528; Time Consumed 47795.802324295044 sec
2024-07-10 10:49:18,290 - ppo.py:223 - % Exec Left 93.79121777777777; Time Consumed 48100.63288164139 sec
2024-07-10 10:51:16,501 - ppo.py:299 - Discovery {1: 41850, 3: 37012, 0: 44649, 4: 33164, 5: 9117, 2: 9209}, {-1.0: 18722, 0.1: 151200, 1.0: 5079}
2024-07-10 10:54:22,704 - ppo.py:223 - % Exec Left 93.7576888888889; Time Consumed 48405.04711961746 sec
2024-07-10 10:59:26,170 - ppo.py:223 - % Exec Left 93.72369777777777; Time Consumed 48708.51313829422 sec
2024-07-10 11:04:29,049 - ppo.py:223 - % Exec Left 93.68988444444444; Time Consumed 49011.39265871048 sec
2024-07-10 11:09:31,472 - ppo.py:223 - % Exec Left 93.6563911111111; Time Consumed 49313.81519126892 sec
2024-07-10 11:14:35,712 - ppo.py:223 - % Exec Left 93.62275555555556; Time Consumed 49618.05577659607 sec
2024-07-10 11:17:58,333 - ppo.py:299 - Discovery {1: 42990, 3: 37342, 0: 44978, 4: 34301, 5: 10146, 2: 10244}, {-1.0: 18734, 0.1: 155910, 1.0: 5357}
2024-07-10 11:19:38,334 - ppo.py:223 - % Exec Left 93.58883555555556; Time Consumed 49920.67750287056 sec
2024-07-10 11:24:38,957 - ppo.py:223 - % Exec Left 93.55537777777778; Time Consumed 50221.30025482178 sec
2024-07-10 11:29:43,975 - ppo.py:223 - % Exec Left 93.52145777777778; Time Consumed 50526.3184363842 sec
2024-07-10 11:34:46,349 - ppo.py:223 - % Exec Left 93.48775111111111; Time Consumed 50828.69260215759 sec
2024-07-10 11:39:48,185 - ppo.py:223 - % Exec Left 93.45166222222223; Time Consumed 51130.52820324898 sec
2024-07-10 11:44:03,720 - ppo.py:299 - Discovery {1: 43872, 3: 37835, 0: 45470, 4: 35181, 5: 11273, 2: 11370}, {-1.0: 18739, 0.1: 160644, 1.0: 5618}
2024-07-10 11:44:52,065 - ppo.py:223 - % Exec Left 93.4172088888889; Time Consumed 51434.40845370293 sec
2024-07-10 11:49:52,818 - ppo.py:223 - % Exec Left 93.38371555555555; Time Consumed 51735.16103839874 sec
2024-07-10 11:54:56,948 - ppo.py:223 - % Exec Left 93.35004444444445; Time Consumed 52039.291165828705 sec
2024-07-10 11:59:59,147 - ppo.py:223 - % Exec Left 93.31697777777778; Time Consumed 52341.49041557312 sec
2024-07-10 12:05:02,618 - ppo.py:223 - % Exec Left 93.28284444444445; Time Consumed 52644.96164035797 sec
2024-07-10 12:10:05,980 - ppo.py:223 - % Exec Left 93.24924444444444; Time Consumed 52948.32316970825 sec
2024-07-10 12:10:44,603 - ppo.py:299 - Discovery {1: 44881, 3: 38433, 0: 46067, 4: 36189, 5: 12168, 2: 12263}, {-1.0: 18747, 0.1: 165390, 1.0: 5864}
2024-07-10 12:15:07,081 - ppo.py:223 - % Exec Left 93.21614222222222; Time Consumed 53249.424803972244 sec
2024-07-10 12:20:08,104 - ppo.py:223 - % Exec Left 93.18250666666667; Time Consumed 53550.44776368141 sec
2024-07-10 12:25:10,962 - ppo.py:223 - % Exec Left 93.14801777777778; Time Consumed 53853.30568361282 sec
2024-07-10 12:30:11,631 - ppo.py:223 - % Exec Left 93.11374222222223; Time Consumed 54153.97418928146 sec
2024-07-10 12:35:12,225 - ppo.py:223 - % Exec Left 93.07989333333333; Time Consumed 54454.568153619766 sec
2024-07-10 12:37:07,111 - ppo.py:299 - Discovery {1: 45746, 3: 39156, 0: 46792, 4: 37050, 5: 13074, 2: 13183}, {-1.0: 18767, 0.1: 169788, 1.0: 6446}
2024-07-10 12:40:12,674 - ppo.py:223 - % Exec Left 93.04533333333333; Time Consumed 54755.01687383652 sec
2024-07-10 12:45:15,206 - ppo.py:223 - % Exec Left 93.01077333333333; Time Consumed 55057.54902815819 sec
2024-07-10 12:50:16,419 - ppo.py:223 - % Exec Left 92.97646222222222; Time Consumed 55358.76278376579 sec
2024-07-10 12:55:18,333 - ppo.py:223 - % Exec Left 92.94275555555555; Time Consumed 55660.676015377045 sec
2024-07-10 13:00:22,499 - ppo.py:223 - % Exec Left 92.90833777777777; Time Consumed 55964.84226369858 sec
2024-07-10 13:03:12,761 - ppo.py:299 - Discovery {1: 46724, 3: 39707, 0: 47349, 4: 38028, 5: 14041, 2: 14152}, {-1.0: 18774, 0.1: 174399, 1.0: 6828}
2024-07-10 13:07:25,420 - ppo.py:223 - % Exec Left 92.88881777777777; Time Consumed 56387.763437747955 sec
2024-07-10 13:12:29,184 - ppo.py:223 - % Exec Left 92.85447111111111; Time Consumed 56691.52692818642 sec
2024-07-10 13:17:32,803 - ppo.py:223 - % Exec Left 92.82033777777778; Time Consumed 56995.14607954025 sec
2024-07-10 13:22:33,034 - ppo.py:223 - % Exec Left 92.78677333333333; Time Consumed 57295.3775472641 sec
2024-07-10 13:27:35,692 - ppo.py:223 - % Exec Left 92.75264; Time Consumed 57598.035761117935 sec
2024-07-10 13:32:40,538 - ppo.py:223 - % Exec Left 92.71836444444445; Time Consumed 57902.88083457947 sec
2024-07-10 13:33:41,695 - ppo.py:299 - Discovery {1: 47702, 3: 40231, 0: 47873, 4: 39005, 5: 15039, 2: 15151}, {-1.0: 18776, 0.1: 179072, 1.0: 7153}
2024-07-10 13:37:41,580 - ppo.py:223 - % Exec Left 92.68522666666667; Time Consumed 58203.92347621918 sec
2024-07-10 13:42:45,237 - ppo.py:223 - % Exec Left 92.65127111111111; Time Consumed 58507.5807261467 sec
2024-07-10 13:47:47,868 - ppo.py:223 - % Exec Left 92.61781333333333; Time Consumed 58810.21150946617 sec
2024-07-10 13:52:52,006 - ppo.py:223 - % Exec Left 92.58392888888889; Time Consumed 59114.349576473236 sec
2024-07-10 13:57:53,791 - ppo.py:223 - % Exec Left 92.55000888888888; Time Consumed 59416.134029865265 sec
2024-07-10 14:00:18,980 - ppo.py:299 - Discovery {1: 48692, 3: 40713, 0: 48356, 4: 39992, 5: 16069, 2: 16179}, {-1.0: 18786, 0.1: 183776, 1.0: 7439}
2024-07-10 14:02:54,790 - ppo.py:223 - % Exec Left 92.51591111111111; Time Consumed 59717.13287758827 sec
2024-07-10 14:07:56,543 - ppo.py:223 - % Exec Left 92.4816; Time Consumed 60018.88668227196 sec
2024-07-10 14:12:59,968 - ppo.py:223 - % Exec Left 92.44704; Time Consumed 60322.31081485748 sec
2024-07-10 14:18:02,436 - ppo.py:223 - % Exec Left 92.41312; Time Consumed 60624.77884507179 sec
2024-07-10 14:23:05,903 - ppo.py:223 - % Exec Left 92.37870222222222; Time Consumed 60928.246562957764 sec
2024-07-10 14:26:29,806 - ppo.py:299 - Discovery {1: 49608, 3: 41346, 0: 48990, 4: 40907, 5: 17021, 2: 17129}, {-1.0: 18789, 0.1: 188501, 1.0: 7711}
2024-07-10 14:28:11,014 - ppo.py:223 - % Exec Left 92.34432; Time Consumed 61233.35709142685 sec
2024-07-10 14:33:16,822 - ppo.py:223 - % Exec Left 92.30993777777778; Time Consumed 61539.16481399536 sec
2024-07-10 14:38:21,747 - ppo.py:223 - % Exec Left 92.27576888888889; Time Consumed 61844.090094566345 sec
2024-07-10 14:43:25,726 - ppo.py:223 - % Exec Left 92.24163555555556; Time Consumed 62148.06976747513 sec
2024-07-10 14:48:30,632 - ppo.py:223 - % Exec Left 92.20867555555556; Time Consumed 62452.97514748573 sec
2024-07-10 14:53:12,485 - ppo.py:299 - Discovery {1: 50759, 3: 41665, 0: 49308, 4: 42057, 5: 18052, 2: 18160}, {-1.0: 18793, 0.1: 193248, 1.0: 7960}
2024-07-10 14:53:31,157 - ppo.py:223 - % Exec Left 92.17596444444445; Time Consumed 62753.500079631805 sec
2024-07-10 14:58:34,397 - ppo.py:223 - % Exec Left 92.14254222222222; Time Consumed 63056.74069285393 sec
2024-07-10 15:03:37,648 - ppo.py:223 - % Exec Left 92.10919111111112; Time Consumed 63359.991087436676 sec
2024-07-10 15:08:38,865 - ppo.py:223 - % Exec Left 92.07619555555556; Time Consumed 63661.20831680298 sec
2024-07-10 15:13:39,426 - ppo.py:223 - % Exec Left 92.04128; Time Consumed 63961.76890707016 sec
2024-07-10 15:18:41,389 - ppo.py:223 - % Exec Left 92.00629333333333; Time Consumed 64263.73241376877 sec
2024-07-10 15:19:34,311 - ppo.py:299 - Discovery {1: 51631, 3: 42417, 0: 50057, 4: 42929, 5: 18927, 2: 19040}, {-1.0: 18804, 0.1: 197740, 1.0: 8457}
2024-07-10 15:23:44,452 - ppo.py:223 - % Exec Left 91.97105777777777; Time Consumed 64566.79505753517 sec
2024-07-10 15:28:46,982 - ppo.py:223 - % Exec Left 91.93582222222223; Time Consumed 64869.3253223896 sec
2024-07-10 15:33:47,939 - ppo.py:223 - % Exec Left 91.90040888888889; Time Consumed 65170.28204226494 sec
2024-07-10 15:38:50,162 - ppo.py:223 - % Exec Left 91.86499555555555; Time Consumed 65472.50517487526 sec
2024-07-10 15:43:52,756 - ppo.py:223 - % Exec Left 91.83000888888888; Time Consumed 65775.09954309464 sec
2024-07-10 15:44:57,922 - ppo.py:299 - Discovery {1: 52462, 3: 43116, 0: 50755, 4: 43760, 5: 19896, 2: 20012}, {-1.0: 18808, 0.1: 202305, 1.0: 8888}
2024-07-10 15:48:54,964 - ppo.py:223 - % Exec Left 91.79466666666667; Time Consumed 66077.30763840675 sec
2024-07-10 15:53:57,886 - ppo.py:223 - % Exec Left 91.76003555555556; Time Consumed 66380.22901129723 sec
2024-07-10 15:59:01,739 - ppo.py:223 - % Exec Left 91.72469333333333; Time Consumed 66684.08257818222 sec
2024-07-10 16:04:03,490 - ppo.py:223 - % Exec Left 91.68771555555556; Time Consumed 66985.83312416077 sec
2024-07-10 16:09:03,512 - ppo.py:223 - % Exec Left 91.65308444444445; Time Consumed 67285.85548138618 sec
2024-07-10 16:10:19,465 - ppo.py:299 - Discovery {1: 53527, 3: 43623, 0: 51262, 4: 44825, 5: 20822, 2: 20942}, {-1.0: 18816, 0.1: 206955, 1.0: 9230}
2024-07-10 16:14:04,201 - ppo.py:223 - % Exec Left 91.61880888888889; Time Consumed 67586.54476165771 sec
2024-07-10 16:19:05,587 - ppo.py:223 - % Exec Left 91.58410666666667; Time Consumed 67887.92995095253 sec
2024-07-10 16:24:07,419 - ppo.py:223 - % Exec Left 91.54883555555556; Time Consumed 68189.76191926003 sec
2024-07-10 16:29:10,357 - ppo.py:223 - % Exec Left 91.51367111111111; Time Consumed 68492.70008277893 sec
2024-07-10 16:34:11,232 - ppo.py:223 - % Exec Left 91.47936; Time Consumed 68793.57532978058 sec
2024-07-10 16:36:00,563 - ppo.py:299 - Discovery {1: 54384, 3: 44216, 0: 51856, 4: 45682, 5: 21872, 2: 21991}, {-1.0: 18823, 0.1: 211647, 1.0: 9531}
2024-07-10 16:39:13,831 - ppo.py:223 - % Exec Left 91.44494222222222; Time Consumed 69096.17404985428 sec
2024-07-10 16:44:13,865 - ppo.py:223 - % Exec Left 91.41038222222222; Time Consumed 69396.2079436779 sec
2024-07-10 16:49:19,486 - ppo.py:223 - % Exec Left 91.37518222222222; Time Consumed 69701.8289206028 sec
2024-07-10 16:54:24,108 - ppo.py:223 - % Exec Left 91.34030222222222; Time Consumed 70006.4516942501 sec
2024-07-10 16:59:29,431 - ppo.py:223 - % Exec Left 91.30510222222222; Time Consumed 70311.77433276176 sec
2024-07-10 17:01:48,408 - ppo.py:299 - Discovery {1: 55518, 3: 44655, 0: 52295, 4: 46814, 5: 22798, 2: 22921}, {-1.0: 18828, 0.1: 216368, 1.0: 9805}
2024-07-10 17:04:34,204 - ppo.py:223 - % Exec Left 91.27018666666666; Time Consumed 70616.54752159119 sec
2024-07-10 17:09:37,352 - ppo.py:223 - % Exec Left 91.23470222222223; Time Consumed 70919.6951892376 sec
2024-07-10 17:14:37,933 - ppo.py:223 - % Exec Left 91.20014222222223; Time Consumed 71220.27645516396 sec
2024-07-10 17:19:38,519 - ppo.py:223 - % Exec Left 91.16551111111112; Time Consumed 71520.86258983612 sec
2024-07-10 17:24:39,638 - ppo.py:223 - % Exec Left 91.13109333333334; Time Consumed 71821.98128581047 sec
2024-07-10 17:27:30,987 - ppo.py:299 - Discovery {1: 56597, 3: 45020, 0: 52664, 4: 47893, 5: 23853, 2: 23974}, {-1.0: 18836, 0.1: 221107, 1.0: 10058}
2024-07-10 17:33:15,823 - ppo.py:223 - % Exec Left 91.11104; Time Consumed 72338.16676878929 sec
2024-07-10 17:38:17,121 - ppo.py:223 - % Exec Left 91.07761777777777; Time Consumed 72639.46434950829 sec
2024-07-10 17:43:21,034 - ppo.py:223 - % Exec Left 91.04309333333333; Time Consumed 72943.3771789074 sec
2024-07-10 17:48:23,812 - ppo.py:223 - % Exec Left 91.00824888888889; Time Consumed 73246.15525245667 sec
2024-07-10 17:53:24,547 - ppo.py:223 - % Exec Left 90.97315555555555; Time Consumed 73546.8904504776 sec
2024-07-10 17:58:26,097 - ppo.py:223 - % Exec Left 90.9386311111111; Time Consumed 73848.4401550293 sec
2024-07-10 17:59:10,440 - ppo.py:299 - Discovery {1: 57466, 3: 45721, 0: 53368, 4: 48762, 5: 24782, 2: 24902}, {-1.0: 18842, 0.1: 225734, 1.0: 10425}
2024-07-10 18:03:28,348 - ppo.py:223 - % Exec Left 90.9024; Time Consumed 74150.69126868248 sec
2024-07-10 18:08:29,360 - ppo.py:223 - % Exec Left 90.86638222222223; Time Consumed 74451.70327949524 sec
2024-07-10 18:13:30,789 - ppo.py:223 - % Exec Left 90.8304; Time Consumed 74753.13231515884 sec
2024-07-10 18:18:32,823 - ppo.py:223 - % Exec Left 90.79384888888889; Time Consumed 75055.16661572456 sec
2024-07-10 18:23:33,028 - ppo.py:223 - % Exec Left 90.75758222222223; Time Consumed 75355.37141227722 sec
2024-07-10 18:23:47,474 - ppo.py:299 - Discovery {1: 58378, 3: 46360, 0: 54009, 4: 49673, 5: 25731, 2: 25850}, {-1.0: 18848, 0.1: 230220, 1.0: 10933}
2024-07-10 18:28:36,073 - ppo.py:223 - % Exec Left 90.72131555555555; Time Consumed 75658.41657352448 sec
2024-07-10 18:33:37,783 - ppo.py:223 - % Exec Left 90.68586666666667; Time Consumed 75960.12649965286 sec
2024-07-10 18:38:41,795 - ppo.py:223 - % Exec Left 90.65052444444444; Time Consumed 76264.13825798035 sec
2024-07-10 18:43:44,076 - ppo.py:223 - % Exec Left 90.61475555555556; Time Consumed 76566.41905808449 sec
2024-07-10 18:48:47,776 - ppo.py:223 - % Exec Left 90.57980444444445; Time Consumed 76870.11944389343 sec
2024-07-10 18:49:05,278 - ppo.py:299 - Discovery {1: 59307, 3: 47041, 0: 54688, 4: 50601, 5: 26622, 2: 26742}, {-1.0: 18853, 0.1: 234845, 1.0: 11303}
2024-07-10 18:53:47,806 - ppo.py:223 - % Exec Left 90.54503111111111; Time Consumed 77170.14942884445 sec
2024-07-10 18:58:49,668 - ppo.py:223 - % Exec Left 90.51050666666667; Time Consumed 77472.0112388134 sec
2024-07-10 19:03:51,625 - ppo.py:223 - % Exec Left 90.47562666666667; Time Consumed 77773.96876311302 sec
2024-07-10 19:08:53,159 - ppo.py:223 - % Exec Left 90.44035555555556; Time Consumed 78075.50198459625 sec
2024-07-10 19:13:55,110 - ppo.py:223 - % Exec Left 90.40529777777778; Time Consumed 78377.45289421082 sec
2024-07-10 19:14:39,041 - ppo.py:299 - Discovery {1: 60292, 3: 47539, 0: 55188, 4: 51584, 5: 27639, 2: 27759}, {-1.0: 18860, 0.1: 239524, 1.0: 11617}
2024-07-10 19:18:56,929 - ppo.py:223 - % Exec Left 90.37006222222222; Time Consumed 78679.2725379467 sec
2024-07-10 19:24:01,704 - ppo.py:223 - % Exec Left 90.33500444444445; Time Consumed 78984.04749393463 sec
2024-07-10 19:29:06,641 - ppo.py:223 - % Exec Left 90.3005511111111; Time Consumed 79288.98444199562 sec
2024-07-10 19:34:09,484 - ppo.py:223 - % Exec Left 90.26645333333333; Time Consumed 79591.82721042633 sec
2024-07-10 19:39:13,952 - ppo.py:223 - % Exec Left 90.23253333333334; Time Consumed 79896.29493737221 sec
2024-07-10 19:40:47,305 - ppo.py:299 - Discovery {1: 61341, 3: 47940, 0: 55589, 4: 52624, 5: 28694, 2: 28813}, {-1.0: 18878, 0.1: 244227, 1.0: 11896}
2024-07-10 19:44:18,474 - ppo.py:223 - % Exec Left 90.19925333333333; Time Consumed 80200.81727337837 sec
2024-07-10 19:49:21,055 - ppo.py:223 - % Exec Left 90.16469333333333; Time Consumed 80503.39782738686 sec
2024-07-10 19:54:21,940 - ppo.py:223 - % Exec Left 90.12970666666666; Time Consumed 80804.2830247879 sec
2024-07-10 19:59:22,631 - ppo.py:223 - % Exec Left 90.09564444444445; Time Consumed 81104.97441411018 sec
2024-07-10 20:04:26,746 - ppo.py:223 - % Exec Left 90.06087111111111; Time Consumed 81409.0896267891 sec
2024-07-10 20:06:49,410 - ppo.py:299 - Discovery {1: 62356, 3: 48472, 0: 56121, 4: 53639, 5: 29646, 2: 29767}, {-1.0: 18882, 0.1: 248959, 1.0: 12160}
2024-07-10 20:09:27,566 - ppo.py:223 - % Exec Left 90.02673777777778; Time Consumed 81709.90971755981 sec
2024-07-10 20:14:33,531 - ppo.py:223 - % Exec Left 89.99228444444444; Time Consumed 82015.87419176102 sec
2024-07-10 20:19:37,091 - ppo.py:223 - % Exec Left 89.95793777777777; Time Consumed 82319.43460893631 sec
2024-07-10 20:24:39,705 - ppo.py:223 - % Exec Left 89.92309333333333; Time Consumed 82622.04873561859 sec
2024-07-10 20:29:42,301 - ppo.py:223 - % Exec Left 89.88753777777778; Time Consumed 82924.64458060265 sec
2024-07-10 20:32:46,976 - ppo.py:299 - Discovery {1: 63391, 3: 48964, 0: 56611, 4: 54673, 5: 30620, 2: 30742}, {-1.0: 18886, 0.1: 253707, 1.0: 12408}
2024-07-10 20:34:43,619 - ppo.py:223 - % Exec Left 89.85404444444444; Time Consumed 83225.96281123161 sec
2024-07-10 20:39:44,521 - ppo.py:223 - % Exec Left 89.82090666666667; Time Consumed 83526.86397862434 sec
2024-07-10 20:44:46,075 - ppo.py:223 - % Exec Left 89.78524444444444; Time Consumed 83828.41809868813 sec
2024-07-10 20:49:48,584 - ppo.py:223 - % Exec Left 89.74844444444444; Time Consumed 84130.92768979073 sec
2024-07-10 20:54:51,066 - ppo.py:223 - % Exec Left 89.7136; Time Consumed 84433.40955328941 sec
2024-07-10 20:58:23,284 - ppo.py:299 - Discovery {1: 64218, 3: 49762, 0: 57414, 4: 55499, 5: 31489, 2: 31619}, {-1.0: 18902, 0.1: 258135, 1.0: 12964}
2024-07-10 20:59:53,404 - ppo.py:223 - % Exec Left 89.67818666666666; Time Consumed 84735.74749040604 sec
2024-07-10 21:04:55,047 - ppo.py:223 - % Exec Left 89.64213333333333; Time Consumed 85037.39009213448 sec
